<?xml version="1.0" encoding="UTF-8"?>
<!-- Generated by org.testng.reporters.JUnitReportReporter -->
<testsuite hostname="GURUKIRAN" failures="0" tests="1" name="ad_selenium.ReadRunTimeMavenParameter" time="0.012" errors="0" timestamp="07 Feb 2025 11:33:15 GMT" skipped="0">
  <testcase classname="ad_selenium.ReadRunTimeMavenParameter" name="runtimepara" time="0.012"/>
</testsuite> <!-- ad_selenium.ReadRunTimeMavenParameter -->
