<?xml version="1.0" encoding="UTF-8"?>
<!-- Generated by org.testng.reporters.JUnitReportReporter -->
<testsuite hostname="GURUKIRAN" failures="0" tests="1" name="practiceTest.dataprovider" time="0.000" errors="0" timestamp="2025-02-26T16:27:49 IST" skipped="1">
  <testcase classname="practiceTest.dataprovider" name="pricet" time="0.000">
    <skipped/>
  </testcase> <!-- pricet -->
  <system-out/>
</testsuite> <!-- practiceTest.dataprovider -->
