<?xml version="1.0" encoding="UTF-8"?>
<!-- Generated by org.testng.reporters.JUnitReportReporter -->
<testsuite hostname="GURUKIRAN" failures="0" tests="2" name="test.test" time="0.019" errors="0" timestamp="2025-02-21T14:11:23 IST" skipped="0">
  <testcase classname="test.test" name="homePageTest" time="0.002"/>
  <system-out>
    <![CDATA[homePageTestTest Start
step-1
step-2
step-3
Step-4
homePageTesttest end]]>
  </system-out>
  <testcase classname="test.test" name="VerifyLogoHomePageTest" time="0.017"/>
  <system-out>
    <![CDATA[VerifyLogoHomePageTestTest Start
step-1
step-2
step-3
Step-4
VerifyLogoHomePageTestTest end]]>
  </system-out>
</testsuite> <!-- test.test -->
