<?xml version="1.0" encoding="UTF-8"?>
<!-- Generated by org.testng.reporters.JUnitReportReporter -->
<testsuite hostname="GURUKIRAN" failures="0" tests="1" name="practice.org.sample_test_with_POM_StaleElementReferenceException" time="7.266" errors="0" timestamp="2025-02-17T13:01:40 IST" skipped="0">
  <testcase classname="practice.org.sample_test_with_POM_StaleElementReferenceException" name="Simple" time="7.266"/>
  <system-out/>
</testsuite> <!-- practice.org.sample_test_with_POM_StaleElementReferenceException -->
