<?xml version="1.0" encoding="UTF-8"?>
<!-- Generated by org.testng.reporters.JUnitReportReporter -->
<testsuite hostname="GURUKIRAN" failures="0" tests="1" name="test_cases.test3" time="7.261" errors="0" timestamp="2025-02-04T12:50:31 IST" skipped="0">
  <testcase classname="test_cases.test3" name="nesw" time="7.261"/>
  <system-out>
    <![CDATA[application succefully launched
vote test case completed]]>
  </system-out>
</testsuite> <!-- test_cases.test3 -->
