<?xml version="1.0" encoding="UTF-8"?>
<!-- Generated by org.testng.reporters.JUnitReportReporter -->
<testsuite hostname="GURUKIRAN" failures="0" tests="1" name="test_cases.search_element" time="6.014" errors="0" timestamp="2025-02-04T12:50:31 IST" skipped="0">
  <testcase classname="test_cases.search_element" name="searchtestcase" time="6.014"/>
  <system-out>
    <![CDATA[application launched succefully
searchtest case completed]]>
  </system-out>
</testsuite> <!-- test_cases.search_element -->
