<?xml version="1.0" encoding="UTF-8"?>
<!-- Generated by org.testng.reporters.JUnitReportReporter -->
<testsuite hostname="GURUKIRAN" failures="0" tests="5" name="testng_features_basic.sample_test" time="0.022" errors="0" timestamp="2025-02-04T12:04:29 IST" skipped="0">
  <testcase classname="testng_features_basic.sample_test" name="demo" time="0.015"/>
  <system-out/>
  <testcase classname="testng_features_basic.sample_test" name="zc1" time="0.002"/>
  <system-out>
    <![CDATA[test 1]]>
  </system-out>
  <testcase classname="testng_features_basic.sample_test" name="searchtest" time="0.001"/>
  <system-out/>
  <testcase classname="testng_features_basic.sample_test" name="logintest" time="0.002"/>
  <system-out/>
  <testcase classname="testng_features_basic.sample_test" name="registertest" time="0.002"/>
  <system-out/>
</testsuite> <!-- testng_features_basic.sample_test -->
