<?xml version="1.0" encoding="UTF-8"?>
<!-- Generated by org.testng.reporters.JUnitReportReporter -->
<testsuite hostname="GURUKIRAN" failures="0" tests="2" name="practice.testng.TestNG_DependsOnMetod_Test" time="0.017" errors="0" timestamp="2025-02-18T12:00:03 IST" skipped="0">
  <testcase classname="practice.testng.TestNG_DependsOnMetod_Test" name="createOrderTest" time="0.015"/>
  <system-out/>
  <testcase classname="practice.testng.TestNG_DependsOnMetod_Test" name="billingAnOrderTest" time="0.002"/>
  <system-out/>
</testsuite> <!-- practice.testng.TestNG_DependsOnMetod_Test -->
