<?xml version="1.0" encoding="UTF-8"?>
<!-- Generated by org.testng.reporters.JUnitReportReporter -->
<testsuite hostname="GURUKIRAN" failures="0" tests="2" name="testng_features_basic.before_after_test_configuration_annotation" time="0.013" errors="0" timestamp="2025-02-04T16:14:30 IST" skipped="0">
  <testcase classname="testng_features_basic.before_after_test_configuration_annotation" name="tc2" time="0.003"/>
  <system-out/>
  <testcase classname="testng_features_basic.before_after_test_configuration_annotation" name="tc1" time="0.010"/>
  <system-out/>
</testsuite> <!-- testng_features_basic.before_after_test_configuration_annotation -->
