<?xml version="1.0" encoding="UTF-8"?>
<!-- Generated by org.testng.reporters.JUnitReportReporter -->
<testsuite hostname="GURUKIRAN" failures="0" tests="1" name="practice.testng.CreateContactTest" time="0.023" errors="0" timestamp="2025-02-18T11:59:37 IST" skipped="0">
  <testcase classname="practice.testng.CreateContactTest" name="navigateToContactTest" time="0.023"/>
  <system-out/>
</testsuite> <!-- practice.testng.CreateContactTest -->
