<?xml version="1.0" encoding="UTF-8"?>
<!-- Generated by org.testng.reporters.JUnitReportReporter -->
<testsuite hostname="GURUKIRAN" failures="0" tests="1" name="testng_features_basic.before_after_configuration_annotation" time="0.015" errors="0" timestamp="2025-02-04T15:35:56 IST" skipped="0">
  <testcase classname="testng_features_basic.before_after_configuration_annotation" name="tc1" time="0.015"/>
  <system-out/>
</testsuite> <!-- testng_features_basic.before_after_configuration_annotation -->
