<?xml version="1.0" encoding="UTF-8"?>
<!-- Generated by org.testng.reporters.JUnitReportReporter -->
<testsuite hostname="GURUKIRAN" failures="0" tests="1" name="practice.testng.SampleTest" time="0.014" errors="0" timestamp="2025-02-18T10:11:15 IST" skipped="0">
  <testcase classname="practice.testng.SampleTest" name="createContactTest" time="0.014"/>
  <system-out/>
</testsuite> <!-- practice.testng.SampleTest -->
