<?xml version="1.0" encoding="UTF-8"?>
<!-- Generated by org.testng.reporters.JUnitReportReporter -->
<testsuite hostname="GURUKIRAN" failures="0" tests="1" name="ad_selenium.ReadDataFromTestNG_xml_file" time="0.023" errors="0" timestamp="2025-02-09T13:01:15 IST" skipped="0">
  <testcase classname="ad_selenium.ReadDataFromTestNG_xml_file" name="sampleTest" time="0.023"/>
  <system-out/>
</testsuite> <!-- ad_selenium.ReadDataFromTestNG_xml_file -->
