<?xml version="1.0" encoding="UTF-8"?>
<!-- Generated by org.testng.reporters.JUnitReportReporter -->
<testsuite hostname="GURUKIRAN" failures="0" tests="3" name="practice.testng.PriorityTest" time="0.022" errors="0" timestamp="2025-02-18T11:03:31 IST" skipped="0">
  <testcase classname="practice.testng.PriorityTest" name="deleteContactTest" time="0.017"/>
  <system-out/>
  <testcase classname="practice.testng.PriorityTest" name="modifycontactTest" time="0.003"/>
  <system-out/>
  <testcase classname="practice.testng.PriorityTest" name="creatcontactTest" time="0.002"/>
  <system-out/>
</testsuite> <!-- practice.testng.PriorityTest -->
