<?xml version="1.0" encoding="UTF-8"?>
<!-- Generated by org.testng.reporters.JUnitReportReporter -->
<testsuite hostname="GURUKIRAN" failures="0" tests="6" name="practice.testng.InvocationCount_testNG_Test" time="0.033" errors="0" timestamp="2025-02-18T12:16:11 IST" skipped="1">
  <testcase classname="practice.testng.InvocationCount_testNG_Test" name="createOrderTest" time="0.003"/>
  <system-out/>
  <testcase classname="practice.testng.InvocationCount_testNG_Test" name="createOrderTest" time="0.022"/>
  <system-out/>
  <testcase classname="practice.testng.InvocationCount_testNG_Test" name="createOrderTest" time="0.003"/>
  <system-out/>
  <testcase classname="practice.testng.InvocationCount_testNG_Test" name="createOrderTest" time="0.003"/>
  <system-out/>
  <testcase classname="practice.testng.InvocationCount_testNG_Test" name="createOrderTest" time="0.002"/>
  <system-out/>
  <testcase classname="practice.testng.InvocationCount_testNG_Test" name="billingAnOrderTest">
    <skipped/>
  </testcase> <!-- billingAnOrderTest -->
  <system-out/>
</testsuite> <!-- practice.testng.InvocationCount_testNG_Test -->
