<?xml version="1.0" encoding="UTF-8"?>
<!-- Generated by org.testng.reporters.JUnitReportReporter -->
<testsuite hostname="GURUKIRAN" failures="0" tests="3" name="testng_features_basic.helper_attribute_" time="15.500" errors="0" timestamp="2025-02-04T16:42:43 IST" skipped="0">
  <testcase classname="testng_features_basic.helper_attribute_" name="tc1" time="6.902"/>
  <system-out/>
  <testcase classname="testng_features_basic.helper_attribute_" name="tc1" time="4.155"/>
  <system-out/>
  <testcase classname="testng_features_basic.helper_attribute_" name="tc1" time="4.443"/>
  <system-out/>
</testsuite> <!-- testng_features_basic.helper_attribute_ -->
