<?xml version="1.0" encoding="UTF-8"?>
<!-- Generated by org.testng.reporters.JUnitReportReporter -->
<testsuite hostname="GURUKIRAN" failures="0" tests="3" name="practice.testng.createContact_DataProvider_Test" time="0.086" errors="0" timestamp="2025-02-18T13:26:27 IST" skipped="0">
  <testcase classname="practice.testng.createContact_DataProvider_Test" name="createContactTest" time="0.004"/>
  <system-out/>
  <testcase classname="practice.testng.createContact_DataProvider_Test" name="createContactTest" time="0.002"/>
  <system-out/>
  <testcase classname="practice.testng.createContact_DataProvider_Test" name="createContactTest" time="0.080"/>
  <system-out/>
</testsuite> <!-- practice.testng.createContact_DataProvider_Test -->
