<?xml version="1.0" encoding="UTF-8"?>
<!-- Generated by org.testng.reporters.JUnitReportReporter -->
<testsuite hostname="GURUKIRAN" failures="0" tests="1" name="test_cases.subscribe_text" time="5.225" errors="0" timestamp="2025-02-04T12:50:31 IST" skipped="0">
  <testcase classname="test_cases.subscribe_text" name="subscribe" time="5.225"/>
  <system-out>
    <![CDATA[application launched succesfully
dielan]]>
  </system-out>
</testsuite> <!-- test_cases.subscribe_text -->
