<?xml version="1.0" encoding="UTF-8"?>
<!-- Generated by org.testng.reporters.JUnitXMLReporter -->
<testsuite ignored="0" hostname="GURUKIRAN" failures="0" tests="0" name="Test-2" time="8.443" errors="0" timestamp="2025-02-26T16:59:44 IST">
</testsuite> <!-- Test-2 -->
